<?xml version="1.0" encoding="UTF-8"?>
<testng-results ignored="0" total="1" passed="1" failed="0" skipped="0">
  <reporter-output>
  </reporter-output>
  <suite started-at="2024-11-19T01:20:56 IST" name="Default suite" finished-at="2024-11-19T01:21:02 IST" duration-ms="5862">
    <groups>
      <group name="cucumber">
        <method signature="AbstractTestNGCucumberTests.runScenario(io.cucumber.testng.PickleWrapper,io.cucumber.testng.FeatureWrapper)[pri:0, instance:cucumber.CucumberRunner@31190526]" name="runScenario" class="io.cucumber.testng.AbstractTestNGCucumberTests"/>
      </group> <!-- cucumber -->
    </groups>
    <test started-at="2024-11-19T01:20:56 IST" name="Default test" finished-at="2024-11-19T01:21:02 IST" duration-ms="5862">
      <class name="cucumber.CucumberRunner">
        <test-method is-config="true" signature="setUpClass(org.testng.ITestContext)[pri:0, instance:cucumber.CucumberRunner@31190526]" started-at="2024-11-19T01:20:56 IST" name="setUpClass" finished-at="2024-11-19T01:20:57 IST" duration-ms="548" status="PASS">
          <params>
            <param index="0">
              <value>
                <![CDATA[org.testng.TestRunner@625d9132]]>
              </value>
            </param>
          </params>
          <reporter-output>
          </reporter-output>
        </test-method> <!-- setUpClass -->
        <test-method signature="runScenario(io.cucumber.testng.PickleWrapper,io.cucumber.testng.FeatureWrapper)[pri:0, instance:cucumber.CucumberRunner@31190526]" started-at="2024-11-19T01:20:57 IST" name="runScenario" description="Runs Cucumber Scenarios" data-provider="scenarios" finished-at="2024-11-19T01:21:02 IST" duration-ms="5257" status="PASS">
          <params>
            <param index="0">
              <value>
                <![CDATA["Error Message Validation at Login Page with wrong input Data."]]>
              </value>
            </param>
            <param index="1">
              <value>
                <![CDATA["Validate Error msg at login page."]]>
              </value>
            </param>
          </params>
          <reporter-output>
          </reporter-output>
        </test-method> <!-- runScenario -->
        <test-method is-config="true" signature="tearDownClass()[pri:0, instance:cucumber.CucumberRunner@31190526]" started-at="2024-11-19T01:21:02 IST" name="tearDownClass" finished-at="2024-11-19T01:21:02 IST" duration-ms="27" status="PASS">
          <reporter-output>
          </reporter-output>
        </test-method> <!-- tearDownClass -->
      </class> <!-- cucumber.CucumberRunner -->
    </test> <!-- Default test -->
  </suite> <!-- Default suite -->
</testng-results>
